C:\Program Files (x86)\MSBuild\Microsoft.Cpp\v4.0\V140\Microsoft.CppBuild.targets(392,5): warning MSB8028: The intermediate directory (release_static_build/) contains files shared from another project (mge.vcxproj).  This can lead to incorrect clean and rebuild behavior.
  main.cpp
d:\school\2nd year\project 3\mgengine\bullet3\src\LinearMath/btIDebugDraw.h(169): warning C4305: 'argument': truncation from 'double' to 'const btScalar'
d:\school\2nd year\project 3\mgengine\bullet3\src\LinearMath/btIDebugDraw.h(170): warning C4305: 'argument': truncation from 'double' to 'const btScalar'
d:\school\2nd year\project 3\mgengine\bullet3\src\LinearMath/btIDebugDraw.h(171): warning C4305: 'argument': truncation from 'double' to 'const btScalar'
  MGEDemo.cpp
d:\school\2nd year\project 3\mgengine\bullet3\src\LinearMath/btIDebugDraw.h(169): warning C4305: 'argument': truncation from 'double' to 'const btScalar'
d:\school\2nd year\project 3\mgengine\bullet3\src\LinearMath/btIDebugDraw.h(170): warning C4305: 'argument': truncation from 'double' to 'const btScalar'
d:\school\2nd year\project 3\mgengine\bullet3\src\LinearMath/btIDebugDraw.h(171): warning C4305: 'argument': truncation from 'double' to 'const btScalar'
  Project3.cpp
d:\school\2nd year\project 3\mgengine\bullet3\src\LinearMath/btIDebugDraw.h(169): warning C4305: 'argument': truncation from 'double' to 'const btScalar'
d:\school\2nd year\project 3\mgengine\bullet3\src\LinearMath/btIDebugDraw.h(170): warning C4305: 'argument': truncation from 'double' to 'const btScalar'
d:\school\2nd year\project 3\mgengine\bullet3\src\LinearMath/btIDebugDraw.h(171): warning C4305: 'argument': truncation from 'double' to 'const btScalar'
..\src\mge\Project3.cpp(43): warning C4316: 'PhysicsWorld': object allocated on the heap may not be aligned 16
  AbstractGame.cpp
d:\school\2nd year\project 3\mgengine\bullet3\src\LinearMath/btIDebugDraw.h(169): warning C4305: 'argument': truncation from 'double' to 'const btScalar'
d:\school\2nd year\project 3\mgengine\bullet3\src\LinearMath/btIDebugDraw.h(170): warning C4305: 'argument': truncation from 'double' to 'const btScalar'
d:\school\2nd year\project 3\mgengine\bullet3\src\LinearMath/btIDebugDraw.h(171): warning C4305: 'argument': truncation from 'double' to 'const btScalar'
  Generating code
  24 of 1355 functions ( 1.8%) were compiled, the rest were copied from previous compilation.
    0 functions were new in current compilation
    0 functions had inline decision re-evaluated but remain unchanged
  Finished generating code
glew32s.lib(glew.obj) : warning LNK4099: PDB 'glew_static.pdb' was not found with 'glew32s.lib(glew.obj)' or at 'D:\School\2nd year\Project 3\MGEngine\_vs2015\release_static_exe\glew_static.pdb'; linking object as if no debug info
  mge.vcxproj -> D:\School\2nd year\Project 3\MGEngine\_vs2015\release_static_exe/Project3.exe
  mge.vcxproj -> release_static_exe/Project3.pdb (Full PDB)
