  Checking Build System
  CMake does not need to re-run because D:/School/2nd year/Project 3/MGEngine/BulletBuild/CMakeFiles/generate.stamp is up-to-date.
  CMake does not need to re-run because D:/School/2nd year/Project 3/MGEngine/BulletBuild/examples/CMakeFiles/generate.stamp is up-to-date.
  CMake does not need to re-run because D:/School/2nd year/Project 3/MGEngine/BulletBuild/Extras/CMakeFiles/generate.stamp is up-to-date.
  CMake does not need to re-run because D:/School/2nd year/Project 3/MGEngine/BulletBuild/src/CMakeFiles/generate.stamp is up-to-date.
  CMake does not need to re-run because D:/School/2nd year/Project 3/MGEngine/BulletBuild/test/CMakeFiles/generate.stamp is up-to-date.
  CMake does not need to re-run because D:/School/2nd year/Project 3/MGEngine/BulletBuild/examples/HelloWorld/CMakeFiles/generate.stamp is up-to-date.
  CMake does not need to re-run because D:/School/2nd year/Project 3/MGEngine/BulletBuild/examples/BasicDemo/CMakeFiles/generate.stamp is up-to-date.
  CMake does not need to re-run because D:/School/2nd year/Project 3/MGEngine/BulletBuild/examples/ExampleBrowser/CMakeFiles/generate.stamp is up-to-date.
  CMake does not need to re-run because D:/School/2nd year/Project 3/MGEngine/BulletBuild/examples/SharedMemory/CMakeFiles/generate.stamp is up-to-date.
  CMake does not need to re-run because D:/School/2nd year/Project 3/MGEngine/BulletBuild/examples/ThirdPartyLibs/Gwen/CMakeFiles/generate.stamp is up-to-date.
  CMake does not need to re-run because D:/School/2nd year/Project 3/MGEngine/BulletBuild/examples/ThirdPartyLibs/BussIK/CMakeFiles/generate.stamp is up-to-date.
  CMake does not need to re-run because D:/School/2nd year/Project 3/MGEngine/BulletBuild/examples/OpenGLWindow/CMakeFiles/generate.stamp is up-to-date.
  CMake does not need to re-run because D:/School/2nd year/Project 3/MGEngine/BulletBuild/Extras/Serialize/CMakeFiles/generate.stamp is up-to-date.
  CMake does not need to re-run because D:/School/2nd year/Project 3/MGEngine/BulletBuild/Extras/ConvexDecomposition/CMakeFiles/generate.stamp is up-to-date.
  CMake does not need to re-run because D:/School/2nd year/Project 3/MGEngine/BulletBuild/Extras/HACD/CMakeFiles/generate.stamp is up-to-date.
  CMake does not need to re-run because D:/School/2nd year/Project 3/MGEngine/BulletBuild/Extras/GIMPACTUtils/CMakeFiles/generate.stamp is up-to-date.
  CMake does not need to re-run because D:/School/2nd year/Project 3/MGEngine/BulletBuild/Extras/InverseDynamics/CMakeFiles/generate.stamp is up-to-date.
  CMake does not need to re-run because D:/School/2nd year/Project 3/MGEngine/BulletBuild/Extras/Serialize/BulletFileLoader/CMakeFiles/generate.stamp is up-to-date.
  CMake does not need to re-run because D:/School/2nd year/Project 3/MGEngine/BulletBuild/Extras/Serialize/BulletXmlWorldImporter/CMakeFiles/generate.stamp is up-to-date.
  CMake does not need to re-run because D:/School/2nd year/Project 3/MGEngine/BulletBuild/Extras/Serialize/BulletWorldImporter/CMakeFiles/generate.stamp is up-to-date.
  CMake does not need to re-run because D:/School/2nd year/Project 3/MGEngine/BulletBuild/src/Bullet3OpenCL/CMakeFiles/generate.stamp is up-to-date.
  CMake does not need to re-run because D:/School/2nd year/Project 3/MGEngine/BulletBuild/src/Bullet3Serialize/Bullet2FileLoader/CMakeFiles/generate.stamp is up-to-date.
  CMake does not need to re-run because D:/School/2nd year/Project 3/MGEngine/BulletBuild/src/Bullet3Dynamics/CMakeFiles/generate.stamp is up-to-date.
  CMake does not need to re-run because D:/School/2nd year/Project 3/MGEngine/BulletBuild/src/Bullet3Collision/CMakeFiles/generate.stamp is up-to-date.
  CMake does not need to re-run because D:/School/2nd year/Project 3/MGEngine/BulletBuild/src/Bullet3Geometry/CMakeFiles/generate.stamp is up-to-date.
  CMake does not need to re-run because D:/School/2nd year/Project 3/MGEngine/BulletBuild/src/Bullet3Common/CMakeFiles/generate.stamp is up-to-date.
  CMake does not need to re-run because D:/School/2nd year/Project 3/MGEngine/BulletBuild/src/BulletInverseDynamics/CMakeFiles/generate.stamp is up-to-date.
  CMake does not need to re-run because D:/School/2nd year/Project 3/MGEngine/BulletBuild/src/BulletSoftBody/CMakeFiles/generate.stamp is up-to-date.
  CMake does not need to re-run because D:/School/2nd year/Project 3/MGEngine/BulletBuild/src/BulletCollision/CMakeFiles/generate.stamp is up-to-date.
  CMake does not need to re-run because D:/School/2nd year/Project 3/MGEngine/BulletBuild/src/BulletDynamics/CMakeFiles/generate.stamp is up-to-date.
  CMake does not need to re-run because D:/School/2nd year/Project 3/MGEngine/BulletBuild/src/LinearMath/CMakeFiles/generate.stamp is up-to-date.
  CMake does not need to re-run because D:/School/2nd year/Project 3/MGEngine/BulletBuild/test/InverseDynamics/CMakeFiles/generate.stamp is up-to-date.
  CMake does not need to re-run because D:/School/2nd year/Project 3/MGEngine/BulletBuild/test/SharedMemory/CMakeFiles/generate.stamp is up-to-date.
  CMake does not need to re-run because D:/School/2nd year/Project 3/MGEngine/BulletBuild/test/gtest-1.7.0/CMakeFiles/generate.stamp is up-to-date.
  CMake does not need to re-run because D:/School/2nd year/Project 3/MGEngine/BulletBuild/test/collision/CMakeFiles/generate.stamp is up-to-date.
  CMake does not need to re-run because D:/School/2nd year/Project 3/MGEngine/BulletBuild/test/BulletDynamics/pendulum/CMakeFiles/generate.stamp is up-to-date.
