  Building Custom Rule D:/School/2nd year/Project 3/MGEngine/bullet3/examples/SharedMemory/CMakeLists.txt
  CMake does not need to re-run because D:\School\2nd year\Project 3\MGEngine\BulletBuild\examples\SharedMemory\CMakeFiles\generate.stamp is up-to-date.
  IKTrajectoryHelper.cpp
  PhysicsClient.cpp
  PhysicsClientSharedMemory.cpp
  PhysicsClientExample.cpp
  PhysicsServerExample.cpp
D:\School\2nd year\Project 3\MGEngine\bullet3\examples\SharedMemory\PhysicsServerExample.cpp(1917): warning C4316: 'MultiThreadedOpenGLGuiHelper': object allocated on the heap may not be aligned 16
D:\School\2nd year\Project 3\MGEngine\bullet3\examples\SharedMemory\PhysicsServerExample.cpp(1921): warning C4316: 'PhysicsServerExample': object allocated on the heap may not be aligned 16
  PhysicsServerSharedMemory.cpp
  PhysicsServer.cpp
  PhysicsClientC_API.cpp
D:\School\2nd year\Project 3\MGEngine\bullet3\examples\SharedMemory\PhysicsClientC_API.cpp(547): warning C4800: 'int': forcing value to bool 'true' or 'false' (performance warning)
  PosixSharedMemory.cpp
  Win32SharedMemory.cpp
  InProcessMemory.cpp
  PhysicsDirect.cpp
  PhysicsDirectC_API.cpp
  PhysicsLoopBack.cpp
  PhysicsLoopBackC_API.cpp
  PhysicsClientSharedMemory_C_API.cpp
  PhysicsClientSharedMemory2_C_API.cpp
  PhysicsClientSharedMemory2.cpp
  SharedMemoryCommandProcessor.cpp
  PhysicsServerCommandProcessor.cpp
D:\School\2nd year\Project 3\MGEngine\bullet3\examples\SharedMemory\PhysicsServerCommandProcessor.cpp(742): warning C4316: 'PhysicsServerCommandProcessorInternalData': object allocated on the heap may not be aligned 16
D:\School\2nd year\Project 3\MGEngine\bullet3\examples\SharedMemory\PhysicsServerCommandProcessor.cpp(2192): warning C4316: 'btMultiBodyJointFeedback': object allocated on the heap may not be aligned 16
  Generating Code...
  Compiling...
  TinyRendererVisualShapeConverter.cpp
D:\School\2nd year\Project 3\MGEngine\bullet3\examples\SharedMemory\TinyRendererVisualShapeConverter.cpp(122): warning C4316: 'TinyRendererVisualShapeConverterInternalData': object allocated on the heap may not be aligned 16
D:\School\2nd year\Project 3\MGEngine\bullet3\examples\SharedMemory\TinyRendererVisualShapeConverter.cpp(613): warning C4316: 'TinyRenderObjectData': object allocated on the heap may not be aligned 16
  geometry.cpp
  model.cpp
  tgaimage.cpp
  our_gl.cpp
  TinyRenderer.cpp
  SimpleCamera.cpp
  MyMultiBodyCreator.cpp
D:\School\2nd year\Project 3\MGEngine\bullet3\examples\Importers\ImportURDFDemo\MyMultiBodyCreator.cpp(65): warning C4316: 'GenericConstraintUserInfo': object allocated on the heap may not be aligned 16
D:\School\2nd year\Project 3\MGEngine\bullet3\examples\Importers\ImportURDFDemo\MyMultiBodyCreator.cpp(148): warning C4316: 'GenericConstraintUserInfo': object allocated on the heap may not be aligned 16
D:\School\2nd year\Project 3\MGEngine\bullet3\examples\Importers\ImportURDFDemo\MyMultiBodyCreator.cpp(172): warning C4316: 'GenericConstraintUserInfo': object allocated on the heap may not be aligned 16
  BulletUrdfImporter.cpp
  UrdfParser.cpp
D:\School\2nd year\Project 3\MGEngine\bullet3\examples\Importers\ImportURDFDemo\UrdfParser.cpp(553): warning C4316: 'UrdfMaterial': object allocated on the heap may not be aligned 16
D:\School\2nd year\Project 3\MGEngine\bullet3\examples\Importers\ImportURDFDemo\UrdfParser.cpp(587): warning C4316: 'UrdfMaterial': object allocated on the heap may not be aligned 16
D:\School\2nd year\Project 3\MGEngine\bullet3\examples\Importers\ImportURDFDemo\UrdfParser.cpp(1336): warning C4316: 'UrdfMaterial': object allocated on the heap may not be aligned 16
D:\School\2nd year\Project 3\MGEngine\bullet3\examples\Importers\ImportURDFDemo\UrdfParser.cpp(1359): warning C4316: 'UrdfLink': object allocated on the heap may not be aligned 16
D:\School\2nd year\Project 3\MGEngine\bullet3\examples\Importers\ImportURDFDemo\UrdfParser.cpp(1407): warning C4316: 'UrdfJoint': object allocated on the heap may not be aligned 16
D:\School\2nd year\Project 3\MGEngine\bullet3\examples\Importers\ImportURDFDemo\UrdfParser.cpp(1495): warning C4316: 'UrdfModel': object allocated on the heap may not be aligned 16
D:\School\2nd year\Project 3\MGEngine\bullet3\examples\Importers\ImportURDFDemo\UrdfParser.cpp(1531): warning C4316: 'UrdfMaterial': object allocated on the heap may not be aligned 16
D:\School\2nd year\Project 3\MGEngine\bullet3\examples\Importers\ImportURDFDemo\UrdfParser.cpp(1554): warning C4316: 'UrdfLink': object allocated on the heap may not be aligned 16
D:\School\2nd year\Project 3\MGEngine\bullet3\examples\Importers\ImportURDFDemo\UrdfParser.cpp(1602): warning C4316: 'UrdfJoint': object allocated on the heap may not be aligned 16
  urdfStringSplit.cpp
  URDF2Bullet.cpp
  BulletMJCFImporter.cpp
D:\School\2nd year\Project 3\MGEngine\bullet3\examples\Importers\ImportMJCFDemo\BulletMJCFImporter.cpp(270): warning C4316: 'UrdfModel': object allocated on the heap may not be aligned 16
D:\School\2nd year\Project 3\MGEngine\bullet3\examples\Importers\ImportMJCFDemo\BulletMJCFImporter.cpp(280): warning C4316: 'UrdfModel': object allocated on the heap may not be aligned 16
D:\School\2nd year\Project 3\MGEngine\bullet3\examples\Importers\ImportMJCFDemo\BulletMJCFImporter.cpp(283): warning C4316: 'UrdfLink': object allocated on the heap may not be aligned 16
D:\School\2nd year\Project 3\MGEngine\bullet3\examples\Importers\ImportMJCFDemo\BulletMJCFImporter.cpp(438): warning C4316: 'UrdfJoint': object allocated on the heap may not be aligned 16
D:\School\2nd year\Project 3\MGEngine\bullet3\examples\Importers\ImportMJCFDemo\BulletMJCFImporter.cpp(793): warning C4316: 'UrdfLink': object allocated on the heap may not be aligned 16
D:\School\2nd year\Project 3\MGEngine\bullet3\examples\Importers\ImportMJCFDemo\BulletMJCFImporter.cpp(975): warning C4316: 'UrdfJoint': object allocated on the heap may not be aligned 16
  b3ResourcePath.cpp
  b3Clock.cpp
  Wavefront2GLInstanceGraphicsShape.cpp
D:\School\2nd year\Project 3\MGEngine\bullet3\examples\Importers\ImportObjDemo\Wavefront2GLInstanceGraphicsShape.cpp(52): warning C4018: '<': signed/unsigned mismatch
D:\School\2nd year\Project 3\MGEngine\bullet3\examples\Importers\ImportObjDemo\Wavefront2GLInstanceGraphicsShape.cpp(79): warning C4018: '<': signed/unsigned mismatch
D:\School\2nd year\Project 3\MGEngine\bullet3\examples\Importers\ImportObjDemo\Wavefront2GLInstanceGraphicsShape.cpp(104): warning C4018: '<': signed/unsigned mismatch
  LoadMeshFromObj.cpp
  LoadMeshFromCollada.cpp
  tiny_obj_loader.cpp
  tinystr.cpp
  Generating Code...
  Compiling...
  tinyxml.cpp
  tinyxmlerror.cpp
  tinyxmlparser.cpp
  b3ImportMeshUtility.cpp
D:\School\2nd year\Project 3\MGEngine\bullet3\examples\Importers\ImportMeshUtility\b3ImportMeshUtility.cpp(35): warning C4018: '<': signed/unsigned mismatch
  stb_image.cpp
  b3ThreadSupportInterface.cpp
  main.cpp
  b3Win32ThreadSupport.cpp
  Generating Code...
  App_SharedMemoryPhysics.vcxproj -> D:\School\2nd year\Project 3\MGEngine\BulletBuild\examples\SharedMemory\Debug\App_SharedMemoryPhysics.exe
